2025-12-08 22:44:56,518 - INFO - Bot started.
2025-12-08 22:44:56,537 - INFO - [31m[1mWARNING: This is a development server. Do not use it in a production deployment. Use a production WSGI server instead.[0m
 * Running on all addresses (0.0.0.0)
 * Running on http://127.0.0.1:8080
 * Running on http://192.168.0.108:8080
2025-12-08 22:44:56,537 - INFO - [33mPress CTRL+C to quit[0m
2025-12-08 22:46:43,121 - INFO - Bot started.
2025-12-08 22:46:43,134 - INFO - [31m[1mWARNING: This is a development server. Do not use it in a production deployment. Use a production WSGI server instead.[0m
 * Running on all addresses (0.0.0.0)
 * Running on http://127.0.0.1:8080
 * Running on http://192.168.0.108:8080
2025-12-08 22:46:43,135 - INFO - [33mPress CTRL+C to quit[0m
2025-12-08 22:47:53,532 - INFO - Bot started.
2025-12-08 22:47:53,547 - INFO - [31m[1mWARNING: This is a development server. Do not use it in a production deployment. Use a production WSGI server instead.[0m
 * Running on all addresses (0.0.0.0)
 * Running on http://127.0.0.1:8080
 * Running on http://192.168.0.108:8080
2025-12-08 22:47:53,547 - INFO - [33mPress CTRL+C to quit[0m
2025-12-08 22:47:53,967 - INFO - Bot connected: @gaja_igreport_bot
2025-12-08 22:52:25,314 - INFO - Bot stopped by user.
2025-12-08 22:52:40,602 - INFO - Bot started.
2025-12-08 22:52:40,615 - INFO - [31m[1mWARNING: This is a development server. Do not use it in a production deployment. Use a production WSGI server instead.[0m
 * Running on all addresses (0.0.0.0)
 * Running on http://127.0.0.1:8080
 * Running on http://192.168.0.108:8080
2025-12-08 22:52:40,615 - INFO - [33mPress CTRL+C to quit[0m
2025-12-08 22:52:41,456 - INFO - Bot connected: @gaja_igreport_bot
2025-12-08 22:52:48,211 - WARNING - Could not check channel membership for user 7590336528: A request to the Telegram API was unsuccessful. Error code: 400. Description: Bad Request: member list is inaccessible
2025-12-08 23:12:50,883 - INFO - Bot started.
2025-12-08 23:12:50,896 - INFO - [31m[1mWARNING: This is a development server. Do not use it in a production deployment. Use a production WSGI server instead.[0m
 * Running on all addresses (0.0.0.0)
 * Running on http://127.0.0.1:8080
 * Running on http://192.168.0.108:8080
2025-12-08 23:12:50,896 - INFO - [33mPress CTRL+C to quit[0m
2025-12-08 23:12:51,628 - INFO - Bot connected: @gaja_igreport_bot
2025-12-08 23:14:59,813 - INFO - Bot started.
2025-12-08 23:14:59,827 - INFO - [31m[1mWARNING: This is a development server. Do not use it in a production deployment. Use a production WSGI server instead.[0m
 * Running on all addresses (0.0.0.0)
 * Running on http://127.0.0.1:8080
 * Running on http://192.168.0.108:8080
2025-12-08 23:14:59,827 - INFO - [33mPress CTRL+C to quit[0m
2025-12-08 23:15:00,275 - INFO - Bot connected: @gaja_igreport_bot
2025-12-08 23:15:01,751 - ERROR - Threaded polling exception: A request to the Telegram API was unsuccessful. Error code: 400. Description: Bad Request: query is too old and response timeout expired or query ID is invalid
2025-12-08 23:15:01,755 - ERROR - Exception traceback:
Traceback (most recent call last):
  File "C:\Users\Gajaa\AppData\Local\Programs\Python\Python314\Lib\site-packages\telebot\__init__.py", line 1074, in __threaded_polling
    self.worker_pool.raise_exceptions()
    ~~~~~~~~~~~~~~~~~~~~~~~~~~~~~~~~~^^
  File "C:\Users\Gajaa\AppData\Local\Programs\Python\Python314\Lib\site-packages\telebot\util.py", line 147, in raise_exceptions
    raise self.exception_info
  File "C:\Users\Gajaa\AppData\Local\Programs\Python\Python314\Lib\site-packages\telebot\util.py", line 90, in run
    task(*args, **kwargs)
    ~~~~^^^^^^^^^^^^^^^^^
  File "C:\Users\Gajaa\AppData\Local\Programs\Python\Python314\Lib\site-packages\telebot\__init__.py", line 6770, in _run_middlewares_and_handler
    result = handler['function'](message)
  File "C:\Users\Gajaa\Downloads\Instagram-Report-bot-main\main.py", line 443, in handle_report_callback
    bot.answer_callback_query(call.id, text=f"Starting {num_reports} reports for {target_username}...")
    ~~~~~~~~~~~~~~~~~~~~~~~~~^^^^^^^^^^^^^^^^^^^^^^^^^^^^^^^^^^^^^^^^^^^^^^^^^^^^^^^^^^^^^^^^^^^^^^^^^^
  File "C:\Users\Gajaa\AppData\Local\Programs\Python\Python314\Lib\site-packages\telebot\__init__.py", line 4603, in answer_callback_query
    return apihelper.answer_callback_query(self.token, callback_query_id, text, show_alert, url, cache_time)
           ~~~~~~~~~~~~~~~~~~~~~~~~~~~~~~~^^^^^^^^^^^^^^^^^^^^^^^^^^^^^^^^^^^^^^^^^^^^^^^^^^^^^^^^^^^^^^^^^^
  File "C:\Users\Gajaa\AppData\Local\Programs\Python\Python314\Lib\site-packages\telebot\apihelper.py", line 1613, in answer_callback_query
    return _make_request(token, method_url, params=payload, method='post')
  File "C:\Users\Gajaa\AppData\Local\Programs\Python\Python314\Lib\site-packages\telebot\apihelper.py", line 162, in _make_request
    json_result = _check_result(method_name, result)
  File "C:\Users\Gajaa\AppData\Local\Programs\Python\Python314\Lib\site-packages\telebot\apihelper.py", line 189, in _check_result
    raise ApiTelegramException(method_name, result, result_json)
telebot.apihelper.ApiTelegramException: A request to the Telegram API was unsuccessful. Error code: 400. Description: Bad Request: query is too old and response timeout expired or query ID is invalid

2025-12-08 23:16:28,053 - INFO - Bot started.
2025-12-08 23:16:28,067 - INFO - [31m[1mWARNING: This is a development server. Do not use it in a production deployment. Use a production WSGI server instead.[0m
 * Running on all addresses (0.0.0.0)
 * Running on http://127.0.0.1:8080
 * Running on http://192.168.0.108:8080
2025-12-08 23:16:28,068 - INFO - [33mPress CTRL+C to quit[0m
2025-12-08 23:16:28,503 - INFO - Bot connected: @gaja_igreport_bot
2025-12-08 23:16:52,677 - INFO - ====== WebDriver manager ======
2025-12-08 23:16:53,878 - INFO - Get LATEST chromedriver version for google-chrome
2025-12-08 23:16:54,286 - INFO - Get LATEST chromedriver version for google-chrome
2025-12-08 23:16:54,661 - INFO - Get LATEST chromedriver version for google-chrome
2025-12-08 23:16:55,468 - INFO - WebDriver version 142.0.7444.175 selected
2025-12-08 23:16:55,472 - INFO - Modern chrome version https://storage.googleapis.com/chrome-for-testing-public/142.0.7444.175/win32/chromedriver-win32.zip
2025-12-08 23:16:55,472 - INFO - About to download new driver from https://storage.googleapis.com/chrome-for-testing-public/142.0.7444.175/win32/chromedriver-win32.zip
2025-12-08 23:16:55,872 - INFO - Driver downloading response is 200
2025-12-08 23:16:57,371 - INFO - Get LATEST chromedriver version for google-chrome
2025-12-08 23:16:57,890 - INFO - Driver has been saved in cache [C:\Users\Gajaa\.wdm\drivers\chromedriver\win64\142.0.7444.175]
2025-12-08 23:17:28,879 - ERROR - Error sending report 1: Message: 
Stacktrace:
Symbols not available. Dumping unresolved backtrace:
	0xae4103
	0xae4144
	0x8ee71d
	0x93a03d
	0x93a41b
	0x9817f2
	0x95c954
	0x97ee17
	0x95c706
	0x92da30
	0x92ed54
	0xd557b4
	0xd5098a
	0xb0c392
	0xafc4c8
	0xb0324d
	0xaec478
	0xaec63c
	0xad67ca
	0x764d5d49
	0x77dbd6db
	0x77dbd661

2025-12-08 23:17:41,258 - ERROR - Error sending report 2: Message: 
Stacktrace:
Symbols not available. Dumping unresolved backtrace:
	0xae4103
	0xae4144
	0x8ee71d
	0x93a03d
	0x93a41b
	0x9817f2
	0x95c954
	0x97ee17
	0x95c706
	0x92da30
	0x92ed54
	0xd557b4
	0xd5098a
	0xb0c392
	0xafc4c8
	0xb0324d
	0xaec478
	0xaec63c
	0xad67ca
	0x764d5d49
	0x77dbd6db
	0x77dbd661

2025-12-08 23:17:53,632 - ERROR - Error sending report 3: Message: 
Stacktrace:
Symbols not available. Dumping unresolved backtrace:
	0xae4103
	0xae4144
	0x8ee71d
	0x93a03d
	0x93a41b
	0x9817f2
	0x95c954
	0x97ee17
	0x95c706
	0x92da30
	0x92ed54
	0xd557b4
	0xd5098a
	0xb0c392
	0xafc4c8
	0xb0324d
	0xaec478
	0xaec63c
	0xad67ca
	0x764d5d49
	0x77dbd6db
	0x77dbd661

2025-12-08 23:18:05,984 - ERROR - Error sending report 4: Message: 
Stacktrace:
Symbols not available. Dumping unresolved backtrace:
	0xae4103
	0xae4144
	0x8ee71d
	0x93a03d
	0x93a41b
	0x9817f2
	0x95c954
	0x97ee17
	0x95c706
	0x92da30
	0x92ed54
	0xd557b4
	0xd5098a
	0xb0c392
	0xafc4c8
	0xb0324d
	0xaec478
	0xaec63c
	0xad67ca
	0x764d5d49
	0x77dbd6db
	0x77dbd661

2025-12-08 23:18:18,164 - ERROR - Error sending report 5: Message: 
Stacktrace:
Symbols not available. Dumping unresolved backtrace:
	0xae4103
	0xae4144
	0x8ee71d
	0x93a03d
	0x93a41b
	0x9817f2
	0x95c954
	0x97ee17
	0x95c706
	0x92da30
	0x92ed54
	0xd557b4
	0xd5098a
	0xb0c392
	0xafc4c8
	0xb0324d
	0xaec478
	0xaec63c
	0xad67ca
	0x764d5d49
	0x77dbd6db
	0x77dbd661

2025-12-08 23:21:41,760 - INFO - Bot started.
2025-12-08 23:21:41,773 - INFO - [31m[1mWARNING: This is a development server. Do not use it in a production deployment. Use a production WSGI server instead.[0m
 * Running on all addresses (0.0.0.0)
 * Running on http://127.0.0.1:8080
 * Running on http://192.168.0.108:8080
2025-12-08 23:21:41,773 - INFO - [33mPress CTRL+C to quit[0m
2025-12-08 23:21:43,003 - INFO - Bot connected: @gaja_igreport_bot
2025-12-08 23:22:06,176 - INFO - ====== WebDriver manager ======
2025-12-08 23:22:08,033 - INFO - Get LATEST chromedriver version for google-chrome
2025-12-08 23:22:08,534 - INFO - Get LATEST chromedriver version for google-chrome
2025-12-08 23:22:09,029 - INFO - Driver [C:\Users\Gajaa\.wdm\drivers\chromedriver\win64\142.0.7444.175\chromedriver-win32/chromedriver.exe] found in cache
2025-12-08 23:22:50,081 - ERROR - Error sending report 1 for _stanko_: Could not find menu button
2025-12-08 23:23:17,057 - ERROR - Error sending report 2 for _stanko_: Could not find menu button
2025-12-08 23:23:42,650 - ERROR - Error sending report 3 for _stanko_: Could not find menu button
2025-12-08 23:24:08,913 - ERROR - Error sending report 4 for _stanko_: Could not find menu button
2025-12-08 23:24:35,352 - ERROR - Error sending report 5 for _stanko_: Could not find menu button
2025-12-08 23:29:14,279 - INFO - Bot started.
2025-12-08 23:29:14,295 - INFO - [31m[1mWARNING: This is a development server. Do not use it in a production deployment. Use a production WSGI server instead.[0m
 * Running on all addresses (0.0.0.0)
 * Running on http://127.0.0.1:8080
 * Running on http://192.168.0.108:8080
2025-12-08 23:29:14,295 - INFO - [33mPress CTRL+C to quit[0m
2025-12-08 23:29:14,745 - INFO - Bot connected: @gaja_igreport_bot
2025-12-08 23:29:33,354 - INFO - ====== WebDriver manager ======
2025-12-08 23:29:34,430 - INFO - Get LATEST chromedriver version for google-chrome
2025-12-08 23:29:34,785 - INFO - Get LATEST chromedriver version for google-chrome
2025-12-08 23:29:35,134 - INFO - Driver [C:\Users\Gajaa\.wdm\drivers\chromedriver\win64\142.0.7444.175\chromedriver-win32/chromedriver.exe] found in cache
2025-12-08 23:29:44,078 - ERROR - Login failed - still on login page
2025-12-08 23:32:16,691 - INFO - Bot started.
2025-12-08 23:32:16,704 - INFO - [31m[1mWARNING: This is a development server. Do not use it in a production deployment. Use a production WSGI server instead.[0m
 * Running on all addresses (0.0.0.0)
 * Running on http://127.0.0.1:8080
 * Running on http://192.168.0.108:8080
2025-12-08 23:32:16,704 - INFO - [33mPress CTRL+C to quit[0m
2025-12-08 23:32:17,164 - INFO - Bot connected: @gaja_igreport_bot
2025-12-08 23:32:42,524 - INFO - ====== WebDriver manager ======
2025-12-08 23:32:43,726 - INFO - Get LATEST chromedriver version for google-chrome
2025-12-08 23:32:44,073 - INFO - Get LATEST chromedriver version for google-chrome
2025-12-08 23:32:44,462 - INFO - Driver [C:\Users\Gajaa\.wdm\drivers\chromedriver\win64\142.0.7444.175\chromedriver-win32/chromedriver.exe] found in cache
2025-12-08 23:33:08,705 - ERROR - Login failed - could not verify login status
2025-12-08 23:36:00,959 - INFO - Bot started.
2025-12-08 23:36:00,973 - INFO - [31m[1mWARNING: This is a development server. Do not use it in a production deployment. Use a production WSGI server instead.[0m
 * Running on all addresses (0.0.0.0)
 * Running on http://127.0.0.1:8080
 * Running on http://192.168.0.108:8080
2025-12-08 23:36:00,973 - INFO - [33mPress CTRL+C to quit[0m
2025-12-08 23:36:01,396 - INFO - Bot connected: @gaja_igreport_bot
2025-12-08 23:36:22,109 - INFO - ====== WebDriver manager ======
2025-12-08 23:36:23,181 - INFO - Get LATEST chromedriver version for google-chrome
2025-12-08 23:36:23,548 - INFO - Get LATEST chromedriver version for google-chrome
2025-12-08 23:36:23,902 - INFO - Driver [C:\Users\Gajaa\.wdm\drivers\chromedriver\win64\142.0.7444.175\chromedriver-win32/chromedriver.exe] found in cache
2025-12-08 23:36:50,854 - ERROR - Login failed - could not verify login status
2025-12-08 23:37:15,550 - INFO - ====== WebDriver manager ======
2025-12-08 23:37:16,515 - INFO - Get LATEST chromedriver version for google-chrome
2025-12-08 23:37:16,885 - INFO - Get LATEST chromedriver version for google-chrome
2025-12-08 23:37:17,261 - INFO - Driver [C:\Users\Gajaa\.wdm\drivers\chromedriver\win64\142.0.7444.175\chromedriver-win32/chromedriver.exe] found in cache
2025-12-08 23:37:35,990 - ERROR - Login error: Message: invalid session id: session deleted as the browser has closed the connection
from disconnected: not connected to DevTools
  (Session info: chrome=142.0.7444.177); For documentation on this error, please visit: https://www.selenium.dev/documentation/webdriver/troubleshooting/errors#invalidsessionidexception
Stacktrace:
Symbols not available. Dumping unresolved backtrace:
	0xae4103
	0xae4144
	0x8ee71d
	0x8dd910
	0x8fc714
	0x963475
	0x97e749
	0x95c706
	0x92da30
	0x92ed54
	0xd557b4
	0xd5098a
	0xb0c392
	0xafc4c8
	0xb0324d
	0xaec478
	0xaec63c
	0xad67ca
	0x764d5d49
	0x77dbd6db
	0x77dbd661

2025-12-08 23:37:44,631 - INFO - ====== WebDriver manager ======
2025-12-08 23:37:45,634 - INFO - Get LATEST chromedriver version for google-chrome
2025-12-08 23:37:46,000 - INFO - Get LATEST chromedriver version for google-chrome
2025-12-08 23:37:46,376 - INFO - Driver [C:\Users\Gajaa\.wdm\drivers\chromedriver\win64\142.0.7444.175\chromedriver-win32/chromedriver.exe] found in cache
2025-12-08 23:38:13,399 - ERROR - Login failed - could not verify login status
2025-12-08 23:39:57,432 - INFO - Bot started.
2025-12-08 23:39:57,444 - INFO - [31m[1mWARNING: This is a development server. Do not use it in a production deployment. Use a production WSGI server instead.[0m
 * Running on all addresses (0.0.0.0)
 * Running on http://127.0.0.1:8080
 * Running on http://192.168.0.108:8080
2025-12-08 23:39:57,444 - INFO - [33mPress CTRL+C to quit[0m
2025-12-08 23:39:57,861 - INFO - Bot connected: @gaja_igreport_bot
2025-12-08 23:40:09,080 - INFO - ====== WebDriver manager ======
2025-12-08 23:40:10,141 - INFO - Get LATEST chromedriver version for google-chrome
2025-12-08 23:40:10,505 - INFO - Get LATEST chromedriver version for google-chrome
2025-12-08 23:40:10,884 - INFO - Driver [C:\Users\Gajaa\.wdm\drivers\chromedriver\win64\142.0.7444.175\chromedriver-win32/chromedriver.exe] found in cache
2025-12-08 23:40:40,192 - ERROR - Login failed - could not verify login status
2025-12-08 23:43:34,099 - INFO - Bot started.
2025-12-08 23:43:34,112 - INFO - [31m[1mWARNING: This is a development server. Do not use it in a production deployment. Use a production WSGI server instead.[0m
 * Running on all addresses (0.0.0.0)
 * Running on http://127.0.0.1:8080
 * Running on http://192.168.0.108:8080
2025-12-08 23:43:34,112 - INFO - [33mPress CTRL+C to quit[0m
2025-12-08 23:43:34,536 - INFO - Bot connected: @gaja_igreport_bot
2025-12-08 23:43:35,409 - ERROR - Threaded polling exception: A request to the Telegram API was unsuccessful. Error code: 409. Description: Conflict: terminated by other getUpdates request; make sure that only one bot instance is running
2025-12-08 23:43:35,412 - ERROR - Exception traceback:
Traceback (most recent call last):
  File "C:\Users\Gajaa\AppData\Local\Programs\Python\Python314\Lib\site-packages\telebot\__init__.py", line 1073, in __threaded_polling
    polling_thread.raise_exceptions()
    ~~~~~~~~~~~~~~~~~~~~~~~~~~~~~~~^^
  File "C:\Users\Gajaa\AppData\Local\Programs\Python\Python314\Lib\site-packages\telebot\util.py", line 108, in raise_exceptions
    raise self.exception_info
  File "C:\Users\Gajaa\AppData\Local\Programs\Python\Python314\Lib\site-packages\telebot\util.py", line 90, in run
    task(*args, **kwargs)
    ~~~~^^^^^^^^^^^^^^^^^
  File "C:\Users\Gajaa\AppData\Local\Programs\Python\Python314\Lib\site-packages\telebot\__init__.py", line 649, in __retrieve_updates
    updates = self.get_updates(offset=(self.last_update_id + 1),
                               allowed_updates=allowed_updates,
                               timeout=timeout, long_polling_timeout=long_polling_timeout)
  File "C:\Users\Gajaa\AppData\Local\Programs\Python\Python314\Lib\site-packages\telebot\__init__.py", line 623, in get_updates
    json_updates = apihelper.get_updates(self.token, offset, limit, timeout, allowed_updates, long_polling_timeout)
  File "C:\Users\Gajaa\AppData\Local\Programs\Python\Python314\Lib\site-packages\telebot\apihelper.py", line 321, in get_updates
    return _make_request(token, method_url, params=payload)
  File "C:\Users\Gajaa\AppData\Local\Programs\Python\Python314\Lib\site-packages\telebot\apihelper.py", line 162, in _make_request
    json_result = _check_result(method_name, result)
  File "C:\Users\Gajaa\AppData\Local\Programs\Python\Python314\Lib\site-packages\telebot\apihelper.py", line 189, in _check_result
    raise ApiTelegramException(method_name, result, result_json)
telebot.apihelper.ApiTelegramException: A request to the Telegram API was unsuccessful. Error code: 409. Description: Conflict: terminated by other getUpdates request; make sure that only one bot instance is running

2025-12-08 23:43:44,731 - WARNING - No Chrome profile found - will need to login each time
2025-12-08 23:43:44,732 - INFO - ====== WebDriver manager ======
2025-12-08 23:43:46,823 - INFO - Get LATEST chromedriver version for google-chrome
2025-12-08 23:43:47,922 - INFO - Get LATEST chromedriver version for google-chrome
2025-12-08 23:43:48,629 - INFO - Driver [C:\Users\Gajaa\.wdm\drivers\chromedriver\win64\142.0.7444.175\chromedriver-win32/chromedriver.exe] found in cache
2025-12-08 23:44:17,892 - ERROR - Login failed - could not verify login status
